Project Information                    d:\nsuworkbook\dd_lab2_adder\adder8.rpt

MAX+plus II Compiler Report File
Version 9.6 3/22/2000
Compiled: 03/03/2017 23:36:28

Copyright (C) 1988-2000 Altera Corporation
Any megafunction design, and related net list (encrypted or decrypted),
support information, device programming or simulation file, and any other
associated documentation or information provided by Altera or a partner
under Altera's Megafunction Partnership Program may be used only to
program PLD devices (but not masked PLD devices) from Altera.  Any other
use of such megafunction design, net list, support information, device
programming or simulation file, or any other related documentation or
information is prohibited for any other purpose, including, but not
limited to modification, reverse engineering, de-compiling, or use with
any other silicon devices, unless such use is explicitly licensed under
a separate agreement with Altera or a megafunction partner.  Title to
the intellectual property, including patents, copyrights, trademarks,
trade secrets, or maskworks, embodied in any such megafunction design,
net list, support information, device programming or simulation file, or
any other related documentation or information provided by Altera or a
megafunction partner, remains with Altera, the megafunction partner, or
their respective licensors.  No other licenses, including any licenses
needed under any third party's intellectual property, are provided herein.



***** Project compilation was successful


Untitled


** DEVICE SUMMARY **

Chip/                     Input   Output   Bidir         Shareable
POF       Device          Pins    Pins     Pins     LCs  Expanders  % Utilized

adder8    EPM7032AELC44-4  18       10       0      21      12          65 %

User Pins:                 18       10       0  



Project Information                    d:\nsuworkbook\dd_lab2_adder\adder8.rpt

** PROJECT COMPILATION MESSAGES **

Warning: Ignored unnecessary INPUT pin 'sum7'
Warning: Ignored unnecessary INPUT pin 'sum6'
Warning: Ignored unnecessary INPUT pin 'sum5'
Warning: Ignored unnecessary INPUT pin 'sum4'
Warning: Ignored unnecessary INPUT pin 'sum3'
Warning: Ignored unnecessary INPUT pin 'sum2'
Warning: Ignored unnecessary INPUT pin 'sum1'
Warning: Ignored unnecessary INPUT pin 'sum0'
Warning: Ignored unnecessary INPUT pin 'sum_in'


Project Information                    d:\nsuworkbook\dd_lab2_adder\adder8.rpt

** FILE HIERARCHY **



|adder1:add7|
|adder1:add6|
|adder1:add5|
|adder1:add4|
|adder1:add3|
|adder1:add2|
|adder1:add1|
|adder1:add0|


Device-Specific Information:           d:\nsuworkbook\dd_lab2_adder\adder8.rpt
adder8

***** Logic for device 'adder8' compiled without errors.




Device: EPM7032AELC44-4

Device Options:
    Turbo Bit                                    = ON
    Security Bit                                 = OFF
    Enable JTAG Support                        = ON
    User Code                                  = ffffffff
    MultiVolt I/O                              = OFF

                                                
                                             c  
                                             a  
                        V                    r  
                        C                    r  
                        C                    y  
                        I  G  G  G  G  G     _  
               c  c  c  N  N  N  N  N  N  b  i  
               4  3  2  T  D  D  D  D  D  7  n  
             -----------------------------------_ 
           /   6  5  4  3  2  1 44 43 42 41 40   | 
     #TDI |  7                                39 | check_out 
       c5 |  8                                38 | #TDO 
       a7 |  9                                37 | check_in 
      GND | 10                                36 | b2 
       b0 | 11                                35 | VCCIO 
       b1 | 12        EPM7032AELC44-4         34 | a4 
     #TMS | 13                                33 | a5 
       a2 | 14                                32 | #TCK 
    VCCIO | 15                                31 | a6 
       a1 | 16                                30 | GND 
       a0 | 17                                29 | c6 
          |_  18 19 20 21 22 23 24 25 26 27 28  _| 
            ------------------------------------ 
               b  b  b  b  G  V  a  c  c  c  c  
               3  4  5  6  N  C  3  a  0  1  7  
                           D  C     r           
                              I     r           
                              N     y           
                              T     _           
                                    o           
                                    u           
                                    t           


N.C. = No Connect. This pin has no internal connection to the device.
VCCINT = Dedicated power pin, which MUST be connected to VCC (3.3 volts).
VCCIO = Dedicated power pin, which MUST be connected to VCC (3.3 volts).
GND = Dedicated ground pin or unused dedicated input, which MUST be connected to GND.
GND* = These I/O pins can either be left unconnected or connected to GND. Connecting these pins to GND will improve the device's immunity to noise.
RESERVED = Unused I/O pin, which MUST be left unconnected.

^ = Dedicated configuration pin.
+ = Reserved configuration pin, which is tri-stated during user mode.
* = Reserved configuration pin, which drives out in user mode.
PDn = Power Down pin. 
@ = Special-purpose pin. 
# = JTAG Boundary-Scan Testing/In-System Programming or Configuration Pin. The JTAG inputs TMS and TDI should be tied to VCC and TCK should be tied to GND when not in use.
& = JTAG pin used for I/O. When used as user I/O, JTAG pins must be kept stable before and during configuration.  JTAG pin stability prevents accidental loading of JTAG instructions.


Device-Specific Information:           d:\nsuworkbook\dd_lab2_adder\adder8.rpt
adder8

** RESOURCE USAGE **

                                                Shareable     External
Logic Array Block     Logic Cells   I/O Pins    Expanders   Interconnect

A:     LC1 - LC16     5/16( 31%)  16/16(100%)   5/16( 31%)  12/36( 33%) 
B:    LC17 - LC32    16/16(100%)  16/16(100%)  15/16( 93%)  17/36( 47%) 


Total dedicated input pins used:                 0/4      (  0%)
Total I/O pins used:                            32/32     (100%)
Total logic cells used:                         21/32     ( 65%)
Total shareable expanders used:                 12/32     ( 37%)
Total Turbo logic cells used:                   21/32     ( 65%)
Total shareable expanders not available (n/a):   8/32     ( 25%)
Average fan-in:                                  4.28
Total fan-in:                                    90

Total input pins required:                      18
Total fast input logic cells required:           0
Total output pins required:                     10
Total bidirectional pins required:               0
Total reserved pins required                     4
Total logic cells required:                     21
Total flipflops required:                        0
Total product terms required:                   82
Total logic cells lending parallel expanders:    0
Total shareable expanders in database:          12

Synthesized logic cells:                        11/  32   ( 34%)



Device-Specific Information:           d:\nsuworkbook\dd_lab2_adder\adder8.rpt
adder8

** INPUTS **

                                         Shareable
                                         Expanders     Fan-In    Fan-Out
 Pin     LC  LAB  Primitive    Code   Total Shared n/a INP  FBK  OUT  FBK  Name
  17   (12)  (A)      INPUT                0      0   0    0    0    2    6  a0
  16   (11)  (A)      INPUT                0      0   0    0    0    1    6  a1
  14   (10)  (A)      INPUT                0      0   0    0    0    0    4  a2
  24   (32)  (B)      INPUT                0      0   0    0    0    0    2  a3
  34   (23)  (B)      INPUT                0      0   0    0    0    2    1  a4
  33   (24)  (B)      INPUT                0      0   0    0    0    1    1  a5
  31   (26)  (B)      INPUT                0      0   0    0    0    3    1  a6
   9    (6)  (A)      INPUT                0      0   0    0    0    2    1  a7
  11    (7)  (A)      INPUT                0      0   0    0    0    2    5  b0
  12    (8)  (A)      INPUT                0      0   0    0    0    1    6  b1
  36   (22)  (B)      INPUT                0      0   0    0    0    0    5  b2
  18   (13)  (A)      INPUT                0      0   0    0    0    0    2  b3
  19   (14)  (A)      INPUT                0      0   0    0    0    2    1  b4
  20   (15)  (A)      INPUT                0      0   0    0    0    1    1  b5
  21   (16)  (A)      INPUT                0      0   0    0    0    3    0  b6
  41   (17)  (B)      INPUT                0      0   0    0    0    2    1  b7
  40   (18)  (B)      INPUT                0      0   0    0    0    2    6  carry_in
  37   (21)  (B)      INPUT                0      0   0    0    0    1    0  check_in


Code:

s = Synthesized pin or logic cell
t = Turbo logic cell
+ = Synchronous flipflop
/ = Slow slew-rate output
! = NOT gate push-back
r = Fitter-inserted logic cell
h = Register powers up high


Device-Specific Information:           d:\nsuworkbook\dd_lab2_adder\adder8.rpt
adder8

** OUTPUTS **

                                         Shareable
                                         Expanders     Fan-In    Fan-Out
 Pin     LC  LAB  Primitive    Code   Total Shared n/a INP  FBK  OUT  FBK  Name
  25     31    B     OUTPUT      t         0      0   0    4    3    0    0  carry_out
  39     19    B     OUTPUT      t         0      0   0    1    0    0    0  check_out
  26     30    B     OUTPUT      t         0      0   0    3    0    0    0  c0
  27     29    B     OUTPUT      t         3      0   1    5    0    0    0  c1
   4      1    A     OUTPUT      t         0      0   0    0    3    0    0  c2
   5      2    A     OUTPUT      t         0      0   0    0    4    0    0  c3
   6      3    A     OUTPUT      t         0      0   0    2    1    0    0  c4
   8      5    A     OUTPUT      t         3      0   1    4    1    0    0  c5
  29     27    B     OUTPUT      t         0      0   0    2    1    0    0  c6
  28     28    B     OUTPUT      t         3      0   1    4    1    0    0  c7


Code:

s = Synthesized pin or logic cell
t = Turbo logic cell
+ = Synchronous flipflop
/ = Slow slew-rate output
! = NOT gate push-back
r = Fitter-inserted logic cell
h = Register powers up high


Device-Specific Information:           d:\nsuworkbook\dd_lab2_adder\adder8.rpt
adder8

** BURIED LOGIC **

                                         Shareable
                                         Expanders     Fan-In    Fan-Out
 Pin     LC  LAB  Primitive    Code   Total Shared n/a INP  FBK  OUT  FBK  Name
 (37)    21    B       SOFT    s t         1      0   1    5    0    1    0  |adder1:add2|~33~1
 (38)    20    B       SOFT    s t         0      0   0    4    0    1    0  |adder1:add2|~33~2
 (41)    17    B       SOFT    s t         0      0   0    2    0    1    0  |adder1:add2|~33~3
 (33)    24    B       SOFT    s t         1      0   1    6    0    1    0  |adder1:add3|~33~1
 (24)    32    B       SOFT    s t         1      0   1    7    0    1    0  |adder1:add3|~33~2
 (31)    26    B       SOFT    s t         1      0   1    7    0    1    0  |adder1:add3|~33~3
 (32)    25    B       SOFT    s t         0      0   0    2    0    1    0  |adder1:add3|~33~4
 (34)    23    B       SOFT    s t         5      0   1    9    0    2    1  |adder1:add3|~38~1
  (7)     4    A       SOFT    s t         2      0   0    4    1    3    1  |adder1:add5|~38~1
 (36)    22    B       SOFT    s t         0      0   0    2    0    1    0  |adder1:add7|~38~1
 (40)    18    B       SOFT    s t         0      0   0    1    1    1    0  |adder1:add7|~38~2


Code:

s = Synthesized pin or logic cell
t = Turbo logic cell
+ = Synchronous flipflop
/ = Slow slew-rate output
! = NOT gate push-back
r = Fitter-inserted logic cell
h = Register powers up high


Device-Specific Information:           d:\nsuworkbook\dd_lab2_adder\adder8.rpt
adder8

** LOGIC CELL INTERCONNECTIONS **

Logic Array Block 'A':

                   Logic cells placed in LAB 'A'
        +--------- LC4 |adder1:add5|~38~1
        | +------- LC1 c2
        | | +----- LC2 c3
        | | | +--- LC3 c4
        | | | | +- LC5 c5
        | | | | | 
        | | | | |   Other LABs fed by signals
        | | | | |   that feed LAB 'A'
LC      | | | | | | A B |     Logic cells that feed LAB 'A':

Pin
34   -> * - - * * | * - | <-- a4
33   -> * - - - * | * - | <-- a5
19   -> * - - * * | * - | <-- b4
20   -> * - - - * | * - | <-- b5
LC21 -> - * - - - | * - | <-- |adder1:add2|~33~1
LC20 -> - * - - - | * - | <-- |adder1:add2|~33~2
LC17 -> - * - - - | * - | <-- |adder1:add2|~33~3
LC24 -> - - * - - | * - | <-- |adder1:add3|~33~1
LC32 -> - - * - - | * - | <-- |adder1:add3|~33~2
LC26 -> - - * - - | * - | <-- |adder1:add3|~33~3
LC25 -> - - * - - | * - | <-- |adder1:add3|~33~4
LC23 -> * - - * * | * - | <-- |adder1:add3|~38~1


* = The logic cell or pin is an input to the logic cell (or LAB) through the PIA.
- = The logic cell or pin is not an input to the logic cell (or LAB).


Device-Specific Information:           d:\nsuworkbook\dd_lab2_adder\adder8.rpt
adder8

** LOGIC CELL INTERCONNECTIONS **

Logic Array Block 'B':

                                         Logic cells placed in LAB 'B'
        +------------------------------- LC21 |adder1:add2|~33~1
        | +----------------------------- LC20 |adder1:add2|~33~2
        | | +--------------------------- LC17 |adder1:add2|~33~3
        | | | +------------------------- LC24 |adder1:add3|~33~1
        | | | | +----------------------- LC32 |adder1:add3|~33~2
        | | | | | +--------------------- LC26 |adder1:add3|~33~3
        | | | | | | +------------------- LC25 |adder1:add3|~33~4
        | | | | | | | +----------------- LC23 |adder1:add3|~38~1
        | | | | | | | | +--------------- LC22 |adder1:add7|~38~1
        | | | | | | | | | +------------- LC18 |adder1:add7|~38~2
        | | | | | | | | | | +----------- LC31 carry_out
        | | | | | | | | | | | +--------- LC19 check_out
        | | | | | | | | | | | | +------- LC30 c0
        | | | | | | | | | | | | | +----- LC29 c1
        | | | | | | | | | | | | | | +--- LC27 c6
        | | | | | | | | | | | | | | | +- LC28 c7
        | | | | | | | | | | | | | | | | 
        | | | | | | | | | | | | | | | |   Other LABs fed by signals
        | | | | | | | | | | | | | | | |   that feed LAB 'B'
LC      | | | | | | | | | | | | | | | | | A B |     Logic cells that feed LAB 'B':
LC22 -> - - - - - - - - - - * - - - - - | - * | <-- |adder1:add7|~38~1
LC18 -> - - - - - - - - - - * - - - - - | - * | <-- |adder1:add7|~38~2

Pin
17   -> * * - * * * - * - - - - * * - - | - * | <-- a0
16   -> * * - * * * - * - - - - - * - - | - * | <-- a1
14   -> - - * - * * - * - - - - - - - - | - * | <-- a2
24   -> - - - - - - * * - - - - - - - - | - * | <-- a3
31   -> - - - - - - - - - * * - - - * * | - * | <-- a6
9    -> - - - - - - - - * - * - - - - * | - * | <-- a7
11   -> * - - * * * - * - - - - * * - - | - * | <-- b0
12   -> * * - * * * - * - - - - - * - - | - * | <-- b1
36   -> - - * * * * - * - - - - - - - - | - * | <-- b2
18   -> - - - - - - * * - - - - - - - - | - * | <-- b3
21   -> - - - - - - - - - - * - - - * * | - * | <-- b6
41   -> - - - - - - - - * - * - - - - * | - * | <-- b7
40   -> * * - * * * - * - - - - * * - - | - * | <-- carry_in
37   -> - - - - - - - - - - - * - - - - | - * | <-- check_in
LC4  -> - - - - - - - - - * * - - - * * | - * | <-- |adder1:add5|~38~1


* = The logic cell or pin is an input to the logic cell (or LAB) through the PIA.
- = The logic cell or pin is not an input to the logic cell (or LAB).


Device-Specific Information:           d:\nsuworkbook\dd_lab2_adder\adder8.rpt
adder8

** EQUATIONS **

a0       : INPUT;
a1       : INPUT;
a2       : INPUT;
a3       : INPUT;
a4       : INPUT;
a5       : INPUT;
a6       : INPUT;
a7       : INPUT;
b0       : INPUT;
b1       : INPUT;
b2       : INPUT;
b3       : INPUT;
b4       : INPUT;
b5       : INPUT;
b6       : INPUT;
b7       : INPUT;
carry_in : INPUT;
check_in : INPUT;

-- Node name is 'carry_out' 
-- Equation name is 'carry_out', location is LC031, type is output.
 carry_out = LCELL( _EQ001 $  GND);
  _EQ001 =  b6 &  b7 & !_LC018
         #  a6 &  _LC004 & !_LC022
         #  a7 &  b6 & !_LC018
         #  a7 &  b7;

-- Node name is 'check_out' 
-- Equation name is 'check_out', location is LC019, type is output.
 check_out = LCELL( check_in $  GND);

-- Node name is 'c0' 
-- Equation name is 'c0', location is LC030, type is output.
 c0      = LCELL( _EQ002 $  carry_in);
  _EQ002 =  a0 & !b0
         # !a0 &  b0;

-- Node name is 'c1' 
-- Equation name is 'c1', location is LC029, type is output.
 c1      = LCELL( _EQ003 $  a1);
  _EQ003 =  a0 &  b0 & !b1
         # !b1 &  carry_in &  _X001
         # !a0 &  b1 &  _X002
         # !b0 &  b1 & !carry_in;
  _X001  = EXP(!a0 & !b0);
  _X002  = EXP( b0 &  carry_in);

-- Node name is 'c2' 
-- Equation name is 'c2', location is LC001, type is output.
 c2      = LCELL(!_LC017 $  _EQ004);
  _EQ004 = !_LC020 & !_LC021;

-- Node name is 'c3' 
-- Equation name is 'c3', location is LC002, type is output.
 c3      = LCELL(!_LC025 $  _EQ005);
  _EQ005 = !_LC024 & !_LC026 & !_LC032;

-- Node name is 'c4' 
-- Equation name is 'c4', location is LC003, type is output.
 c4      = LCELL( _EQ006 $  _LC023);
  _EQ006 =  a4 & !b4
         # !a4 &  b4;

-- Node name is 'c5' 
-- Equation name is 'c5', location is LC005, type is output.
 c5      = LCELL( _EQ007 $  a5);
  _EQ007 =  a4 &  b4 & !b5
         # !b5 &  _LC023 &  _X003
         # !a4 &  b5 &  _X004
         # !b4 &  b5 & !_LC023;
  _X003  = EXP(!a4 & !b4);
  _X004  = EXP( b4 &  _LC023);

-- Node name is 'c6' 
-- Equation name is 'c6', location is LC027, type is output.
 c6      = LCELL( _EQ008 $  _LC004);
  _EQ008 =  a6 & !b6
         # !a6 &  b6;

-- Node name is 'c7' 
-- Equation name is 'c7', location is LC028, type is output.
 c7      = LCELL( _EQ009 $  a7);
  _EQ009 =  a6 &  b6 & !b7
         # !b7 &  _LC004 &  _X005
         # !a6 &  b7 &  _X006
         # !b6 &  b7 & !_LC004;
  _X005  = EXP(!a6 & !b6);
  _X006  = EXP( b6 &  _LC004);

-- Node name is '|adder1:add2|~33~1' from file "adder1.tdf" line 8, column 14
-- Equation name is '_LC021', type is buried 
-- synthesized logic cell 
_LC021   = LCELL( _EQ010 $  GND);
  _EQ010 =  b0 &  b1 &  carry_in
         #  a0 &  b0 &  b1
         #  a0 &  b1 &  carry_in
         #  a1 &  b0 &  carry_in
         #  a0 &  a1 &  b0;

-- Node name is '|adder1:add2|~33~2' from file "adder1.tdf" line 8, column 14
-- Equation name is '_LC020', type is buried 
-- synthesized logic cell 
_LC020   = LCELL( _EQ011 $  GND);
  _EQ011 =  a0 &  a1 &  carry_in
         #  a1 &  b1;

-- Node name is '|adder1:add2|~33~3' from file "adder1.tdf" line 8, column 14
-- Equation name is '_LC017', type is buried 
-- synthesized logic cell 
_LC017   = LCELL( _EQ012 $  GND);
  _EQ012 =  a2 & !b2
         # !a2 &  b2;

-- Node name is '|adder1:add3|~33~1' from file "adder1.tdf" line 8, column 14
-- Equation name is '_LC024', type is buried 
-- synthesized logic cell 
_LC024   = LCELL( _EQ013 $  GND);
  _EQ013 =  b0 &  b1 &  b2 &  carry_in
         #  a0 &  b0 &  b1 &  b2
         #  a0 &  b1 &  b2 &  carry_in
         #  a1 &  b0 &  b2 &  carry_in
         #  a0 &  a1 &  b0 &  b2;

-- Node name is '|adder1:add3|~33~2' from file "adder1.tdf" line 8, column 14
-- Equation name is '_LC032', type is buried 
-- synthesized logic cell 
_LC032   = LCELL( _EQ014 $  GND);
  _EQ014 =  a0 &  a1 &  b2 &  carry_in
         #  a2 &  b0 &  b1 &  carry_in
         #  a0 &  a2 &  b0 &  b1
         #  a0 &  a2 &  b1 &  carry_in
         #  a1 &  a2 &  b0 &  carry_in;

-- Node name is '|adder1:add3|~33~3' from file "adder1.tdf" line 8, column 14
-- Equation name is '_LC026', type is buried 
-- synthesized logic cell 
_LC026   = LCELL( _EQ015 $  GND);
  _EQ015 =  a0 &  a1 &  a2 &  b0
         #  a0 &  a1 &  a2 &  carry_in
         #  a1 &  b1 &  b2
         #  a1 &  a2 &  b1
         #  a2 &  b2;

-- Node name is '|adder1:add3|~33~4' from file "adder1.tdf" line 8, column 14
-- Equation name is '_LC025', type is buried 
-- synthesized logic cell 
_LC025   = LCELL( _EQ016 $  GND);
  _EQ016 =  a3 & !b3
         # !a3 &  b3;

-- Node name is '|adder1:add3|~38~1' from file "adder1.tdf" line 9, column 44
-- Equation name is '_LC023', type is buried 
-- synthesized logic cell 
_LC023   = LCELL( _EQ017 $  GND);
  _EQ017 =  a0 &  carry_in &  _X007 &  _X008 &  _X009
         #  b0 &  _X007 &  _X008 &  _X009 &  _X010
         #  a1 &  b1 &  _X007 &  _X009
         #  a2 &  b2 &  _X009
         #  a3 &  b3;
  _X007  = EXP(!a2 & !b2);
  _X008  = EXP(!a1 & !b1);
  _X009  = EXP(!a3 & !b3);
  _X010  = EXP(!a0 & !carry_in);

-- Node name is '|adder1:add5|~38~1' from file "adder1.tdf" line 9, column 44
-- Equation name is '_LC004', type is buried 
-- synthesized logic cell 
_LC004   = LCELL( _EQ018 $  GND);
  _EQ018 =  b4 &  b5 &  _X011
         #  a4 &  _LC023 &  _X012
         #  a5 &  b4 &  _X011
         #  a5 &  b5;
  _X011  = EXP(!a4 & !_LC023);
  _X012  = EXP(!a5 & !b5);

-- Node name is '|adder1:add7|~38~1' from file "adder1.tdf" line 9, column 44
-- Equation name is '_LC022', type is buried 
-- synthesized logic cell 
_LC022   = LCELL( _EQ019 $  GND);
  _EQ019 = !a7 & !b7;

-- Node name is '|adder1:add7|~38~2' from file "adder1.tdf" line 9, column 44
-- Equation name is '_LC018', type is buried 
-- synthesized logic cell 
_LC018   = LCELL( _EQ020 $  GND);
  _EQ020 = !a6 & !_LC004;



--     Shareable expanders that are duplicated in multiple LABs:
--     (none)




Project Information                    d:\nsuworkbook\dd_lab2_adder\adder8.rpt

** COMPILATION SETTINGS & TIMES **

Processing Menu Commands
------------------------

Design Doctor                             = off

Logic Synthesis:

   Synthesis Type Used                    = Standard

   Default Synthesis Style                = NORMAL

      Logic option settings in 'NORMAL' style for 'MAX7000AE' family

      DECOMPOSE_GATES                     = on
      DUPLICATE_LOGIC_EXTRACTION          = on
      MINIMIZATION                        = full
      MULTI_LEVEL_FACTORING               = on
      NOT_GATE_PUSH_BACK                  = on
      PARALLEL_EXPANDERS                  = off
      REDUCE_LOGIC                        = on
      REFACTORIZATION                     = on
      REGISTER_OPTIMIZATION               = on
      RESYNTHESIZE_NETWORK                = on
      SLOW_SLEW_RATE                      = off
      SOFT_BUFFER_INSERTION               = on
      SUBFACTOR_EXTRACTION                = on
      TURBO_BIT                           = on
      XOR_SYNTHESIS                       = on
      IGNORE_SOFT_BUFFERS                 = off
      USE_LPM_FOR_AHDL_OPERATORS          = off

   Other logic synthesis settings:

      Automatic Global Clock              = on
      Automatic Global Clear              = on
      Automatic Global Preset             = on
      Automatic Global Output Enable      = on
      Automatic Fast I/O                  = off
      Automatic Register Packing          = off
      Automatic Open-Drain Pins           = on
      Automatic Implement in EAB          = off
      One-Hot State Machine Encoding      = off
      Optimize                            = 5

Default Timing Specifications: None

Cut All Bidir Feedback Timing Paths       = on
Cut All Clear & Preset Timing Paths       = on

Ignore Timing Assignments                 = off

Functional SNF Extractor                  = off

Linked SNF Extractor                      = off
Timing SNF Extractor                      = on
Optimize Timing SNF                       = off
Generate AHDL TDO File                    = off
Fitter Settings                           = NORMAL
Smart Recompile                           = off
Total Recompile                           = off

Interfaces Menu Commands
------------------------

EDIF Netlist Writer                       = off
Verilog Netlist Writer                    = off
VHDL Netlist Writer                       = off

Compilation Times
-----------------

   Compiler Netlist Extractor             00:00:00
   Database Builder                       00:00:00
   Logic Synthesizer                      00:00:00
   Partitioner                            00:00:00
   Fitter                                 00:00:00
   Timing SNF Extractor                   00:00:00
   Assembler                              00:00:01
   --------------------------             --------
   Total Time                             00:00:01


Memory Allocated
-----------------

Peak memory allocated during compilation  = 8,107K
